{"name": "test9_logout", "status": "broken", "statusDetails": {"message": "selenium.common.exceptions.TimeoutException: Message: \nStacktrace:\n\tGetHandleVerifier [0x00916EE3+174339]\n\t(No symbol) [0x00840A51]\n\t(No symbol) [0x00556FF6]\n\t(No symbol) [0x00589876]\n\t(No symbol) [0x00589C2C]\n\t(No symbol) [0x005BBD42]\n\t(No symbol) [0x005A7054]\n\t(No symbol) [0x005BA104]\n\t(No symbol) [0x005A6DA6]\n\t(No symbol) [0x00581034]\n\t(No symbol) [0x00581F8D]\n\tGetHandleVerifier [0x009B4B1C+820540]\n\tsqlite3_dbdata_init [0x00A753EE+653550]\n\tsqlite3_dbdata_init [0x00A74E09+652041]\n\tsqlite3_dbdata_init [0x00A697CC+605388]\n\tsqlite3_dbdata_init [0x00A75D9B+656027]\n\t(No symbol) [0x0084FE6C]\n\t(No symbol) [0x008483B8]\n\t(No symbol) [0x008484DD]\n\t(No symbol) [0x00835818]\n\tBaseThreadInitThunk [0x76AE7BA9+25]\n\tRtlInitializeExceptionChain [0x77E0BD2B+107]\n\tRtlClearBits [0x77E0BCAF+191]", "trace": "self = <test_home_page.Testcase testMethod=test9_logout>\n\n    def test9_logout(self):\n        \"\"\"\n        Testing Logout functionality\n        :return:\n        \"\"\"\n>       logout_btn = WebDriverWait(self.driver, 10).until(\n            EC.element_to_be_clickable((By.XPATH, '//*[@id=\"root\"]/div/div[2]/header/div/div/a/span')))\n\ntest_home_page.py:129: \n_ _ _ _ _ _ _ _ _ _ _ _ _ _ _ _ _ _ _ _ _ _ _ _ _ _ _ _ _ _ _ _ _ _ _ _ _ _ _ _ _ _ _ _ _ _ _ _ _ _ _ _ _ _ _ _ _ _ _ _ _ _ _ _ _ _ _ _ _ _ _ _ _ _ _ _ _ _ _ _ _ _ _ _ _ _ _ _ _ _\n\nself = <selenium.webdriver.support.wait.WebDriverWait (session=\"750e092c41b278c8bef0750355ab1253\")>\nmethod = <function element_to_be_clickable.<locals>._predicate at 0x0000015275587100>, message = ''\n\n    def until(self, method: Callable[[D], Union[Literal[False], T]], message: str = \"\") -> T:\n        \"\"\"Calls the method provided with the driver as an argument until the \\\n        return value does not evaluate to ``False``.\n    \n        :param method: callable(WebDriver)\n        :param message: optional message for :exc:`TimeoutException`\n        :returns: the result of the last call to `method`\n        :raises: :exc:`selenium.common.exceptions.TimeoutException` if timeout occurs\n        \"\"\"\n        screen = None\n        stacktrace = None\n    \n        end_time = time.monotonic() + self._timeout\n        while True:\n            try:\n                value = method(self._driver)\n                if value:\n                    return value\n            except self._ignored_exceptions as exc:\n                screen = getattr(exc, \"screen\", None)\n                stacktrace = getattr(exc, \"stacktrace\", None)\n            time.sleep(self._poll)\n            if time.monotonic() > end_time:\n                break\n>       raise TimeoutException(message, screen, stacktrace)\nE       selenium.common.exceptions.TimeoutException: Message: \nE       Stacktrace:\nE       \tGetHandleVerifier [0x00916EE3+174339]\nE       \t(No symbol) [0x00840A51]\nE       \t(No symbol) [0x00556FF6]\nE       \t(No symbol) [0x00589876]\nE       \t(No symbol) [0x00589C2C]\nE       \t(No symbol) [0x005BBD42]\nE       \t(No symbol) [0x005A7054]\nE       \t(No symbol) [0x005BA104]\nE       \t(No symbol) [0x005A6DA6]\nE       \t(No symbol) [0x00581034]\nE       \t(No symbol) [0x00581F8D]\nE       \tGetHandleVerifier [0x009B4B1C+820540]\nE       \tsqlite3_dbdata_init [0x00A753EE+653550]\nE       \tsqlite3_dbdata_init [0x00A74E09+652041]\nE       \tsqlite3_dbdata_init [0x00A697CC+605388]\nE       \tsqlite3_dbdata_init [0x00A75D9B+656027]\nE       \t(No symbol) [0x0084FE6C]\nE       \t(No symbol) [0x008483B8]\nE       \t(No symbol) [0x008484DD]\nE       \t(No symbol) [0x00835818]\nE       \tBaseThreadInitThunk [0x76AE7BA9+25]\nE       \tRtlInitializeExceptionChain [0x77E0BD2B+107]\nE       \tRtlClearBits [0x77E0BCAF+191]\n\n.venv\\Lib\\site-packages\\selenium\\webdriver\\support\\wait.py:105: TimeoutException"}, "description": "\n        Testing Logout functionality\n        :return:\n        ", "attachments": [{"name": "stdout", "source": "dc4c1592-28d0-4222-bf02-4c24875f78c2-attachment.txt", "type": "text/plain"}], "start": 1704190564141, "stop": 1704190582317, "uuid": "4b9d42b5-171c-49ff-8e69-1611d504aa3d", "historyId": "f501c7693b3ad5eab8847bc83a0302c6", "testCaseId": "f501c7693b3ad5eab8847bc83a0302c6", "fullName": "test_home_page.Testcase#test9_logout", "labels": [{"name": "suite", "value": "test_home_page"}, {"name": "subSuite", "value": "Testcase"}, {"name": "host", "value": "ItayLaptop"}, {"name": "thread", "value": "26516-MainThread"}, {"name": "framework", "value": "pytest"}, {"name": "language", "value": "cpython3"}, {"name": "package", "value": "test_home_page"}]}